app/build/outputs/logs/manifest-merger-debug-report.txt
-- Merging decision tree log ---
manifest
ADDED from src/main/AndroidManifest.xml:2:1-30:12
	package
		ADDED from src/main/AndroidManifest.xml:3:5-33
		INJECTED from src/main/AndroidManifest.xml
		INJECTED from src/main/AndroidManifest.xml
	android:versionName
		INJECTED from src/main/AndroidManifest.xml
		INJECTED from src/main/AndroidManifest.xml
	xmlns:android
		ADDED from src/main/AndroidManifest.xml:2:11-69
	android:versionCode
		INJECTED from src/main/AndroidManifest.xml
		INJECTED from src/main/AndroidManifest.xml
application
ADDED from src/main/AndroidManifest.xml:5:5-28:19
MERGED from [com.android.support:design:25.1.1] AndroidManifest.xml:25:5-20
MERGED from [com.android.support:transition:25.1.1] AndroidManifest.xml:22:5-20
MERGED from [com.jcodecraeer:xrecyclerview:1.2.6] AndroidManifest.xml:11:5-20
MERGED from [com.github.martin90s:ImagePicker:v1.3.1] AndroidManifest.xml:14:5-49:19
MERGED from [com.android.support:appcompat-v7:25.1.1] AndroidManifest.xml:25:5-20
MERGED from [com.android.support:support-v4:25.1.1] AndroidManifest.xml:25:5-20
MERGED from [com.android.support:support-fragment:25.1.1] AndroidManifest.xml:25:5-20
MERGED from [com.android.support:support-media-compat:25.1.1] AndroidManifest.xml:25:5-20
MERGED from [com.android.support:support-core-utils:25.1.1] AndroidManifest.xml:25:5-20
MERGED from [com.android.support:animated-vector-drawable:25.1.1] AndroidManifest.xml:22:5-20
MERGED from [com.android.support:support-vector-drawable:25.1.1] AndroidManifest.xml:23:5-20
MERGED from [com.android.support:support-core-ui:25.1.1] AndroidManifest.xml:25:5-20
MERGED from [com.android.support:support-compat:25.1.1] AndroidManifest.xml:25:5-20
MERGED from [com.android.support.constraint:constraint-layout:1.0.1] AndroidManifest.xml:9:5-20
	android:label
		ADDED from src/main/AndroidManifest.xml:8:9-41
	android:supportsRtl
		ADDED from src/main/AndroidManifest.xml:9:9-35
	android:allowBackup
		ADDED from src/main/AndroidManifest.xml:6:9-35
	android:icon
		ADDED from src/main/AndroidManifest.xml:7:9-43
	android:theme
		ADDED from src/main/AndroidManifest.xml:10:9-40
meta-data#design_width
ADDED from src/main/AndroidManifest.xml:11:9-13:35
	android:value
		ADDED from src/main/AndroidManifest.xml:13:13-32
	android:name
		ADDED from src/main/AndroidManifest.xml:12:13-40
meta-data#design_height
ADDED from src/main/AndroidManifest.xml:14:9-16:36
	android:value
		ADDED from src/main/AndroidManifest.xml:16:13-33
	android:name
		ADDED from src/main/AndroidManifest.xml:15:13-41
activity#com.travis.demopro.MainActivity
ADDED from src/main/AndroidManifest.xml:18:9-59
	android:name
		ADDED from src/main/AndroidManifest.xml:18:19-47
activity#com.travis.demopro.Main2Activity
ADDED from src/main/AndroidManifest.xml:19:9-51
	android:name
		ADDED from src/main/AndroidManifest.xml:19:19-48
activity#com.travis.demopro.Main3Activity
ADDED from src/main/AndroidManifest.xml:20:9-26:20
	android:name
		ADDED from src/main/AndroidManifest.xml:20:19-48
intent-filter#android.intent.action.MAIN+android.intent.category.LAUNCHER
ADDED from src/main/AndroidManifest.xml:21:13-25:29
action#android.intent.action.MAIN
ADDED from src/main/AndroidManifest.xml:22:17-69
	android:name
		ADDED from src/main/AndroidManifest.xml:22:25-66
category#android.intent.category.LAUNCHER
ADDED from src/main/AndroidManifest.xml:24:17-77
	android:name
		ADDED from src/main/AndroidManifest.xml:24:27-74
activity#com.travis.demopro.Main4Activity
ADDED from src/main/AndroidManifest.xml:27:9-60
	android:name
		ADDED from src/main/AndroidManifest.xml:27:19-48
uses-sdk
INJECTED from src/main/AndroidManifest.xml reason: use-sdk injection requested
MERGED from [com.android.support:design:25.1.1] AndroidManifest.xml:21:5-23:62
MERGED from [com.android.support:transition:25.1.1] AndroidManifest.xml:20:5-44
MERGED from [com.jakewharton:butterknife:8.4.0] AndroidManifest.xml:5:5-43
MERGED from [com.zhy:autolayout:1.4.5] AndroidManifest.xml:8:5-10:41
MERGED from [com.jcodecraeer:xrecyclerview:1.2.6] AndroidManifest.xml:7:5-9:41
MERGED from [se.emilsjolander:stickylistheaders:2.7.0] AndroidManifest.xml:7:5-9:41
MERGED from [com.github.martin90s:ImagePicker:v1.3.1] AndroidManifest.xml:7:5-9:41
MERGED from [com.android.support:appcompat-v7:25.1.1] AndroidManifest.xml:21:5-23:78
MERGED from [com.android.support:support-v4:25.1.1] AndroidManifest.xml:21:5-23:54
MERGED from [com.android.support:support-fragment:25.1.1] AndroidManifest.xml:21:5-23:60
MERGED from [com.android.support:support-media-compat:25.1.1] AndroidManifest.xml:21:5-23:63
MERGED from [com.android.support:support-core-utils:25.1.1] AndroidManifest.xml:21:5-23:61
MERGED from [com.android.support:animated-vector-drawable:25.1.1] AndroidManifest.xml:20:5-44
MERGED from [com.android.support:support-vector-drawable:25.1.1] AndroidManifest.xml:21:5-43
MERGED from [com.android.support:recyclerview-v7:25.1.1] AndroidManifest.xml:20:5-43
MERGED from [com.android.support:support-core-ui:25.1.1] AndroidManifest.xml:21:5-23:58
MERGED from [com.android.support:support-compat:25.1.1] AndroidManifest.xml:21:5-23:58
MERGED from [com.android.support.constraint:constraint-layout:1.0.1] AndroidManifest.xml:5:5-7:41
	tools:overrideLibrary
		ADDED from [com.android.support:design:25.1.1] AndroidManifest.xml:23:9-59
	android:targetSdkVersion
		INJECTED from src/main/AndroidManifest.xml
		INJECTED from src/main/AndroidManifest.xml
	android:minSdkVersion
		INJECTED from src/main/AndroidManifest.xml
		INJECTED from src/main/AndroidManifest.xml
uses-permission#android.permission.READ_EXTERNAL_STORAGE
ADDED from [com.github.martin90s:ImagePicker:v1.3.1] AndroidManifest.xml:11:5-80
IMPLIED from src/main/AndroidManifest.xml:2:1-30:12 reason: com.imnjh.imagepicker requested WRITE_EXTERNAL_STORAGE
	android:name
		ADDED from [com.github.martin90s:ImagePicker:v1.3.1] AndroidManifest.xml:11:22-77
uses-permission#android.permission.WRITE_EXTERNAL_STORAGE
ADDED from [com.github.martin90s:ImagePicker:v1.3.1] AndroidManifest.xml:12:5-81
	android:name
		ADDED from [com.github.martin90s:ImagePicker:v1.3.1] AndroidManifest.xml:12:22-78
provider#android.support.v4.content.FileProvider
ADDED from [com.github.martin90s:ImagePicker:v1.3.1] AndroidManifest.xml:19:9-27:20
	android:authorities
		ADDED from [com.github.martin90s:ImagePicker:v1.3.1] AndroidManifest.xml:21:13-60
	android:grantUriPermissions
		ADDED from [com.github.martin90s:ImagePicker:v1.3.1] AndroidManifest.xml:23:13-47
	android:exported
		ADDED from [com.github.martin90s:ImagePicker:v1.3.1] AndroidManifest.xml:22:13-37
	android:name
		ADDED from [com.github.martin90s:ImagePicker:v1.3.1] AndroidManifest.xml:20:13-67
meta-data#android.support.FILE_PROVIDER_PATHS
ADDED from [com.github.martin90s:ImagePicker:v1.3.1] AndroidManifest.xml:24:13-26:58
	android:resource
		ADDED from [com.github.martin90s:ImagePicker:v1.3.1] AndroidManifest.xml:26:17-55
	android:name
		ADDED from [com.github.martin90s:ImagePicker:v1.3.1] AndroidManifest.xml:25:17-67
activity#com.imnjh.imagepicker.activity.PhotoPickerActivity
ADDED from [com.github.martin90s:ImagePicker:v1.3.1] AndroidManifest.xml:29:9-32:53
	android:screenOrientation
		ADDED from [com.github.martin90s:ImagePicker:v1.3.1] AndroidManifest.xml:31:13-49
	android:theme
		ADDED from [com.github.martin90s:ImagePicker:v1.3.1] AndroidManifest.xml:32:13-50
	android:name
		ADDED from [com.github.martin90s:ImagePicker:v1.3.1] AndroidManifest.xml:30:13-78
activity#com.imnjh.imagepicker.activity.PickerPreviewActivity
ADDED from [com.github.martin90s:ImagePicker:v1.3.1] AndroidManifest.xml:33:9-36:55
	android:screenOrientation
		ADDED from [com.github.martin90s:ImagePicker:v1.3.1] AndroidManifest.xml:35:13-49
	android:theme
		ADDED from [com.github.martin90s:ImagePicker:v1.3.1] AndroidManifest.xml:36:13-52
	android:name
		ADDED from [com.github.martin90s:ImagePicker:v1.3.1] AndroidManifest.xml:34:13-80
activity#com.imnjh.imagepicker.activity.CaptureConfirmActivity
ADDED from [com.github.martin90s:ImagePicker:v1.3.1] AndroidManifest.xml:37:9-40:55
	android:screenOrientation
		ADDED from [com.github.martin90s:ImagePicker:v1.3.1] AndroidManifest.xml:39:13-49
	android:theme
		ADDED from [com.github.martin90s:ImagePicker:v1.3.1] AndroidManifest.xml:40:13-52
	android:name
		ADDED from [com.github.martin90s:ImagePicker:v1.3.1] AndroidManifest.xml:38:13-81
activity#com.imnjh.imagepicker.activity.CropImageActivity
ADDED from [com.github.martin90s:ImagePicker:v1.3.1] AndroidManifest.xml:41:9-44:55
	android:screenOrientation
		ADDED from [com.github.martin90s:ImagePicker:v1.3.1] AndroidManifest.xml:43:13-49
	android:theme
		ADDED from [com.github.martin90s:ImagePicker:v1.3.1] AndroidManifest.xml:44:13-52
	android:name
		ADDED from [com.github.martin90s:ImagePicker:v1.3.1] AndroidManifest.xml:42:13-76
activity#com.imnjh.imagepicker.activity.CaptureTempActivity
ADDED from [com.github.martin90s:ImagePicker:v1.3.1] AndroidManifest.xml:45:9-48:55
	android:screenOrientation
		ADDED from [com.github.martin90s:ImagePicker:v1.3.1] AndroidManifest.xml:47:13-49
	android:theme
		ADDED from [com.github.martin90s:ImagePicker:v1.3.1] AndroidManifest.xml:48:13-52
	android:name
		ADDED from [com.github.martin90s:ImagePicker:v1.3.1] AndroidManifest.xml:46:13-78